[debug] [2022-05-29T07:05:11.026Z] ----------------------------------------------------------------------
[debug] [2022-05-29T07:05:11.029Z] Command:       C:\Program Files\nodejs\node.exe C:\Users\vinay.dev\AppData\Roaming\npm\node_modules\firebase-tools\lib\bin\firebase.js init
[debug] [2022-05-29T07:05:11.030Z] CLI Version:   9.18.0
[debug] [2022-05-29T07:05:11.030Z] Platform:      win32
[debug] [2022-05-29T07:05:11.030Z] Node Version:  v14.17.6
[debug] [2022-05-29T07:05:11.032Z] Time:          Sun May 29 2022 12:35:11 GMT+0530 (India Standard Time)
[debug] [2022-05-29T07:05:11.032Z] ----------------------------------------------------------------------
[debug] 
[debug] [2022-05-29T07:05:11.047Z] > command requires scopes: ["email","openid","https://www.googleapis.com/auth/cloudplatformprojects.readonly","https://www.googleapis.com/auth/firebase","https://www.googleapis.com/auth/cloud-platform"]
[debug] [2022-05-29T07:05:11.047Z] > authorizing via signed-in user (writetopratigna@gmail.com)
[info] 
     ######## #### ########  ######## ########     ###     ######  ########
     ##        ##  ##     ## ##       ##     ##  ##   ##  ##       ##
     ######    ##  ########  ######   ########  #########  ######  ######
     ##        ##  ##    ##  ##       ##     ## ##     ##       ## ##
     ##       #### ##     ## ######## ########  ##     ##  ######  ########

You're about to initialize a Firebase project in this directory:

  C:\Users\vinay.dev\Desktop\Pratigna\website\pratigna

[info] 
=== Project Setup
[info] 
[info] First, let's associate this project directory with a Firebase project.
[info] You can create multiple project aliases by running firebase use --add, 
[info] but for now we'll just set up a default project.
[info] 
[info] i  If you want to create a project in a Google Cloud organization or folder, please use "firebase projects:create" instead, and return to this command when you've created the project. 
[debug] [2022-05-29T07:06:17.488Z] > refreshing access token with scopes: ["email","https://www.googleapis.com/auth/cloud-platform","https://www.googleapis.com/auth/cloudplatformprojects.readonly","https://www.googleapis.com/auth/firebase","openid"]
[debug] [2022-05-29T07:06:17.490Z] >>> HTTP REQUEST POST https://www.googleapis.com/oauth2/v3/token  
 <request body omitted>
[debug] [2022-05-29T07:06:17.714Z] <<< HTTP RESPONSE 200 {"cache-control":"no-cache, no-store, max-age=0, must-revalidate","pragma":"no-cache","date":"Sun, 29 May 2022 07:06:18 GMT","expires":"Mon, 01 Jan 1990 00:00:00 GMT","content-type":"application/json; charset=utf-8","vary":"X-Origin, Referer, Origin,Accept-Encoding","server":"scaffolding on HTTPServer2","x-xss-protection":"0","x-frame-options":"SAMEORIGIN","x-content-type-options":"nosniff","alt-svc":"h3=\":443\"; ma=2592000,h3-29=\":443\"; ma=2592000,h3-Q050=\":443\"; ma=2592000,h3-Q046=\":443\"; ma=2592000,h3-Q043=\":443\"; ma=2592000,quic=\":443\"; ma=2592000; v=\"46,43\"","accept-ranges":"none","transfer-encoding":"chunked"}
[debug] [2022-05-29T07:06:17.738Z] >>> HTTP REQUEST POST https://cloudresourcemanager.googleapis.com/v1/projects  
 {"projectId":"pratigna","name":"pratigna"}
[debug] [2022-05-29T07:06:19.305Z] <<< HTTP RESPONSE 200 {"content-type":"application/json; charset=UTF-8","vary":"X-Origin, Referer, Origin,Accept-Encoding","date":"Sun, 29 May 2022 07:06:19 GMT","server":"ESF","cache-control":"private","x-xss-protection":"0","x-frame-options":"SAMEORIGIN","x-content-type-options":"nosniff","server-timing":"gfet4t7; dur=1449","alt-svc":"h3=\":443\"; ma=2592000,h3-29=\":443\"; ma=2592000,h3-Q050=\":443\"; ma=2592000,h3-Q046=\":443\"; ma=2592000,h3-Q043=\":443\"; ma=2592000,quic=\":443\"; ma=2592000; v=\"46,43\"","accept-ranges":"none","transfer-encoding":"chunked"}
[debug] [2022-05-29T07:06:19.309Z] > refreshing access token with scopes: []
[debug] [2022-05-29T07:06:19.309Z] >>> HTTP REQUEST POST https://www.googleapis.com/oauth2/v3/token  
 <request body omitted>
[debug] [2022-05-29T07:06:19.440Z] <<< HTTP RESPONSE 200 {"cache-control":"no-cache, no-store, max-age=0, must-revalidate","date":"Sun, 29 May 2022 07:06:20 GMT","expires":"Mon, 01 Jan 1990 00:00:00 GMT","pragma":"no-cache","content-type":"application/json; charset=utf-8","vary":"X-Origin, Referer, Origin,Accept-Encoding","server":"scaffolding on HTTPServer2","x-xss-protection":"0","x-frame-options":"SAMEORIGIN","x-content-type-options":"nosniff","alt-svc":"h3=\":443\"; ma=2592000,h3-29=\":443\"; ma=2592000,h3-Q050=\":443\"; ma=2592000,h3-Q046=\":443\"; ma=2592000,h3-Q043=\":443\"; ma=2592000,quic=\":443\"; ma=2592000; v=\"46,43\"","accept-ranges":"none","transfer-encoding":"chunked"}
[debug] [2022-05-29T07:06:19.473Z] >>> [apiv2][query] GET https://cloudresourcemanager.googleapis.com/v1/operations/cp.8759561160724328270 [none]
[debug] [2022-05-29T07:06:20.989Z] <<< [apiv2][status] GET https://cloudresourcemanager.googleapis.com/v1/operations/cp.8759561160724328270 200
[debug] [2022-05-29T07:06:20.990Z] <<< [apiv2][body] GET https://cloudresourcemanager.googleapis.com/v1/operations/cp.8759561160724328270 {"name":"operations/cp.8759561160724328270"}
[debug] [2022-05-29T07:06:21.507Z] [Project Creation Poller] Retrying task index 0
[debug] [2022-05-29T07:06:21.508Z] >>> [apiv2][query] GET https://cloudresourcemanager.googleapis.com/v1/operations/cp.8759561160724328270 [none]
[debug] [2022-05-29T07:06:23.010Z] <<< [apiv2][status] GET https://cloudresourcemanager.googleapis.com/v1/operations/cp.8759561160724328270 200
[debug] [2022-05-29T07:06:23.010Z] <<< [apiv2][body] GET https://cloudresourcemanager.googleapis.com/v1/operations/cp.8759561160724328270 {"name":"operations/cp.8759561160724328270","metadata":{"@type":"type.googleapis.com/google.cloudresourcemanager.v1.ProjectCreationStatus","gettable":true,"ready":true},"done":true,"response":{"@type":"type.googleapis.com/google.cloudresourcemanager.v1.Project","projectNumber":"588830410117","projectId":"pratigna","lifecycleState":"ACTIVE","name":"pratigna","createTime":"2022-05-29T07:06:19.558Z"}}
[debug] [2022-05-29T07:06:23.014Z] > refreshing access token with scopes: ["email","https://www.googleapis.com/auth/cloud-platform","https://www.googleapis.com/auth/cloudplatformprojects.readonly","https://www.googleapis.com/auth/firebase","openid"]
[debug] [2022-05-29T07:06:23.014Z] >>> HTTP REQUEST POST https://www.googleapis.com/oauth2/v3/token  
 <request body omitted>
[debug] [2022-05-29T07:06:23.154Z] <<< HTTP RESPONSE 200 {"expires":"Mon, 01 Jan 1990 00:00:00 GMT","cache-control":"no-cache, no-store, max-age=0, must-revalidate","pragma":"no-cache","date":"Sun, 29 May 2022 07:06:23 GMT","content-type":"application/json; charset=utf-8","vary":"X-Origin, Referer, Origin,Accept-Encoding","server":"scaffolding on HTTPServer2","x-xss-protection":"0","x-frame-options":"SAMEORIGIN","x-content-type-options":"nosniff","alt-svc":"h3=\":443\"; ma=2592000,h3-29=\":443\"; ma=2592000,h3-Q050=\":443\"; ma=2592000,h3-Q046=\":443\"; ma=2592000,h3-Q043=\":443\"; ma=2592000,quic=\":443\"; ma=2592000; v=\"46,43\"","accept-ranges":"none","transfer-encoding":"chunked"}
[debug] [2022-05-29T07:06:23.183Z] >>> HTTP REQUEST POST https://firebase.googleapis.com/v1beta1/projects/pratigna:addFirebase  
 
[debug] [2022-05-29T07:06:26.092Z] <<< HTTP RESPONSE 200 {"content-type":"application/json; charset=UTF-8","vary":"X-Origin, Referer, Origin,Accept-Encoding","date":"Sun, 29 May 2022 07:06:26 GMT","server":"ESF","cache-control":"private","x-xss-protection":"0","x-frame-options":"SAMEORIGIN","x-content-type-options":"nosniff","alt-svc":"h3=\":443\"; ma=2592000,h3-29=\":443\"; ma=2592000,h3-Q050=\":443\"; ma=2592000,h3-Q046=\":443\"; ma=2592000,h3-Q043=\":443\"; ma=2592000,quic=\":443\"; ma=2592000; v=\"46,43\"","accept-ranges":"none","transfer-encoding":"chunked"}
[debug] [2022-05-29T07:06:26.094Z] > refreshing access token with scopes: []
[debug] [2022-05-29T07:06:26.095Z] >>> HTTP REQUEST POST https://www.googleapis.com/oauth2/v3/token  
 <request body omitted>
[debug] [2022-05-29T07:06:26.212Z] <<< HTTP RESPONSE 200 {"expires":"Mon, 01 Jan 1990 00:00:00 GMT","cache-control":"no-cache, no-store, max-age=0, must-revalidate","pragma":"no-cache","date":"Sun, 29 May 2022 07:06:26 GMT","content-type":"application/json; charset=utf-8","vary":"X-Origin, Referer, Origin,Accept-Encoding","server":"scaffolding on HTTPServer2","x-xss-protection":"0","x-frame-options":"SAMEORIGIN","x-content-type-options":"nosniff","alt-svc":"h3=\":443\"; ma=2592000,h3-29=\":443\"; ma=2592000,h3-Q050=\":443\"; ma=2592000,h3-Q046=\":443\"; ma=2592000,h3-Q043=\":443\"; ma=2592000,quic=\":443\"; ma=2592000; v=\"46,43\"","accept-ranges":"none","transfer-encoding":"chunked"}
[debug] [2022-05-29T07:06:26.241Z] >>> [apiv2][query] GET https://firebase.googleapis.com/v1beta1/operations/workflows/NGFmZDYyMDAtODAwNi00NjBiLWJjYTItNDRhNjc4YmExOWY1 [none]
[debug] [2022-05-29T07:06:27.299Z] <<< [apiv2][status] GET https://firebase.googleapis.com/v1beta1/operations/workflows/NGFmZDYyMDAtODAwNi00NjBiLWJjYTItNDRhNjc4YmExOWY1 200
[debug] [2022-05-29T07:06:27.299Z] <<< [apiv2][body] GET https://firebase.googleapis.com/v1beta1/operations/workflows/NGFmZDYyMDAtODAwNi00NjBiLWJjYTItNDRhNjc4YmExOWY1 {"name":"operations/workflows/NGFmZDYyMDAtODAwNi00NjBiLWJjYTItNDRhNjc4YmExOWY1"}
[debug] [2022-05-29T07:06:27.802Z] [Add Firebase Poller] Retrying task index 0
[debug] [2022-05-29T07:06:27.802Z] >>> [apiv2][query] GET https://firebase.googleapis.com/v1beta1/operations/workflows/NGFmZDYyMDAtODAwNi00NjBiLWJjYTItNDRhNjc4YmExOWY1 [none]
[debug] [2022-05-29T07:06:28.904Z] <<< [apiv2][status] GET https://firebase.googleapis.com/v1beta1/operations/workflows/NGFmZDYyMDAtODAwNi00NjBiLWJjYTItNDRhNjc4YmExOWY1 200
[debug] [2022-05-29T07:06:28.905Z] <<< [apiv2][body] GET https://firebase.googleapis.com/v1beta1/operations/workflows/NGFmZDYyMDAtODAwNi00NjBiLWJjYTItNDRhNjc4YmExOWY1 {"name":"operations/workflows/NGFmZDYyMDAtODAwNi00NjBiLWJjYTItNDRhNjc4YmExOWY1"}
[debug] [2022-05-29T07:06:29.917Z] [Add Firebase Poller] Retrying task index 0
[debug] [2022-05-29T07:06:29.918Z] >>> [apiv2][query] GET https://firebase.googleapis.com/v1beta1/operations/workflows/NGFmZDYyMDAtODAwNi00NjBiLWJjYTItNDRhNjc4YmExOWY1 [none]
[debug] [2022-05-29T07:06:30.971Z] <<< [apiv2][status] GET https://firebase.googleapis.com/v1beta1/operations/workflows/NGFmZDYyMDAtODAwNi00NjBiLWJjYTItNDRhNjc4YmExOWY1 200
[debug] [2022-05-29T07:06:30.972Z] <<< [apiv2][body] GET https://firebase.googleapis.com/v1beta1/operations/workflows/NGFmZDYyMDAtODAwNi00NjBiLWJjYTItNDRhNjc4YmExOWY1 {"name":"operations/workflows/NGFmZDYyMDAtODAwNi00NjBiLWJjYTItNDRhNjc4YmExOWY1"}
[debug] [2022-05-29T07:06:32.981Z] [Add Firebase Poller] Retrying task index 0
[debug] [2022-05-29T07:06:32.981Z] >>> [apiv2][query] GET https://firebase.googleapis.com/v1beta1/operations/workflows/NGFmZDYyMDAtODAwNi00NjBiLWJjYTItNDRhNjc4YmExOWY1 [none]
[debug] [2022-05-29T07:06:34.001Z] <<< [apiv2][status] GET https://firebase.googleapis.com/v1beta1/operations/workflows/NGFmZDYyMDAtODAwNi00NjBiLWJjYTItNDRhNjc4YmExOWY1 200
[debug] [2022-05-29T07:06:34.001Z] <<< [apiv2][body] GET https://firebase.googleapis.com/v1beta1/operations/workflows/NGFmZDYyMDAtODAwNi00NjBiLWJjYTItNDRhNjc4YmExOWY1 {"name":"operations/workflows/NGFmZDYyMDAtODAwNi00NjBiLWJjYTItNDRhNjc4YmExOWY1"}
[debug] [2022-05-29T07:06:38.006Z] [Add Firebase Poller] Retrying task index 0
[debug] [2022-05-29T07:06:38.007Z] >>> [apiv2][query] GET https://firebase.googleapis.com/v1beta1/operations/workflows/NGFmZDYyMDAtODAwNi00NjBiLWJjYTItNDRhNjc4YmExOWY1 [none]
[debug] [2022-05-29T07:06:39.031Z] <<< [apiv2][status] GET https://firebase.googleapis.com/v1beta1/operations/workflows/NGFmZDYyMDAtODAwNi00NjBiLWJjYTItNDRhNjc4YmExOWY1 200
[debug] [2022-05-29T07:06:39.031Z] <<< [apiv2][body] GET https://firebase.googleapis.com/v1beta1/operations/workflows/NGFmZDYyMDAtODAwNi00NjBiLWJjYTItNDRhNjc4YmExOWY1 {"name":"operations/workflows/NGFmZDYyMDAtODAwNi00NjBiLWJjYTItNDRhNjc4YmExOWY1","done":true,"response":{"@type":"type.googleapis.com/google.firebase.service.v1beta1.FirebaseProject","projectId":"pratigna","projectNumber":"588830410117","displayName":"pratigna","name":"projects/pratigna","resources":{"hostingSite":"pratigna"}}}
[info] 
[info] === Your Firebase project is ready! ===
[info] 
[info] Project information:
[info]    - Project ID: pratigna
[info]    - Project Name: pratigna
[info] 
[info] Firebase console is available at
[info] https://console.firebase.google.com/project/pratigna/overview
[info] i  Using project pratigna (pratigna) 
[info] 
=== Hosting Setup
[info] 
[info] Your public directory is the folder (relative to your project directory) that
[info] will contain Hosting assets to be uploaded with firebase deploy. If you
[info] have a build process for your assets, use your build's output directory.
[info] 
